#
# A fatal error has been detected by the Java Runtime Environment:
#
#  EXCEPTION_ACCESS_VIOLATION (0xc0000005) at pc=0x5e24757e, pid=10108, tid=0x00001c74
#
# JRE version: Java(TM) SE Runtime Environment (8.0_191-b12) (build 1.8.0_191-b12)
# Java VM: Java HotSpot(TM) Client VM (25.191-b12 mixed mode windows-x86 )
# Problematic frame:
# V  [jvm.dll+0xe757e]
#
# Failed to write core dump. Minidumps are not enabled by default on client versions of Windows
#
# If you would like to submit a bug report, please visit:
#   http://bugreport.java.com/bugreport/crash.jsp
#

---------------  T H R E A D  ---------------

Current thread (0x29ba7c00):  JavaThread "EventThread COM3" [_thread_in_vm, id=7284, stack(0x00b00000,0x00b50000)]

siginfo: ExceptionCode=0xc0000005, reading address 0x00000000

Registers:
EAX=0x00000000, EBX=0x2afba858, ECX=0x29ba7c00, EDX=0x0000009f
ESP=0x00b4ea4c, EBP=0x00b4ea68, ESI=0x00000000, EDI=0x29ba7c00
EIP=0x5e24757e, EFLAGS=0x00010246

Top of Stack: (sp=0x00b4ea4c)
0x00b4ea4c:   00b4ea84 29ba7d40 2afba858 29ba7c00
0x00b4ea5c:   2844ea54 0000009f 5e445568 00b4f1f8
0x00b4ea6c:   6400183d 29ba7d40 00000000 00000000
0x00b4ea7c:   00000730 00b4ea84 3632203d 610a0d32
0x00b4ea8c:   20736978 203d2078 61203436 20736978
0x00b4ea9c:   203d2079 2033382d 73697861 3d207a20
0x00b4eaac:   32363220 78610a0d 78207369 36203d20
0x00b4eabc:   78612033 79207369 2d203d20 61203338 

Instructions: (pc=0x5e24757e)
0x5e24755e:   c4 08 83 7f 04 00 89 7d f0 c7 45 f4 00 00 00 00
0x5e24756e:   74 08 8d 4d f0 e8 e8 34 0c 00 8b 75 10 8b 45 0c
0x5e24757e:   8b 10 85 f6 78 32 8b 45 14 85 c0 78 2b 8d 0c 06
0x5e24758e:   3b 4a 08 77 23 85 c0 7e 3b 8b 4a 04 8b 49 04 83 


Register to memory mapping:

EAX=0x00000000 is an unknown value
EBX=0x2afba858 is an unknown value
ECX=0x29ba7c00 is a thread
EDX=0x0000009f is an unknown value
ESP=0x00b4ea4c is pointing into the stack for thread: 0x29ba7c00
EBP=0x00b4ea68 is pointing into the stack for thread: 0x29ba7c00
ESI=0x00000000 is an unknown value
EDI=0x29ba7c00 is a thread


Stack: [0x00b00000,0x00b50000],  sp=0x00b4ea4c,  free space=314k
Native frames: (J=compiled Java code, j=interpreted, Vv=VM code, C=native code)
V  [jvm.dll+0xe757e]
C  [jSSC-2.8_x86.dll+0x183d]
J 2899  jssc.SerialNativeInterface.readBytes(JI)[B (0 bytes) @ 0x02efd965 [0x02efd8d0+0x95]
J 13795 C1 jssc.SerialPort$EventThread.run()V (84 bytes) @ 0x0306e5b0 [0x0306e340+0x270]
v  ~StubRoutines::call_stub
V  [jvm.dll+0x15c315]
V  [jvm.dll+0x223ece]
V  [jvm.dll+0x15c3ae]
V  [jvm.dll+0x15c536]
V  [jvm.dll+0x15c5a7]
V  [jvm.dll+0x1002ef]
V  [jvm.dll+0x17f550]
V  [jvm.dll+0x17fdca]
V  [jvm.dll+0x1c57a6]
C  [msvcr100.dll+0x5c556]
C  [msvcr100.dll+0x5c600]
C  [KERNEL32.DLL+0x17ba9]
C  [ntdll.dll+0x6bb1b]
C  [ntdll.dll+0x6ba9f]
C  0x00000000

Java frames: (J=compiled Java code, j=interpreted, Vv=VM code)
J 2899  jssc.SerialNativeInterface.readBytes(JI)[B (0 bytes) @ 0x02efd921 [0x02efd8d0+0x51]
J 13795 C1 jssc.SerialPort$EventThread.run()V (84 bytes) @ 0x0306e5b0 [0x0306e340+0x270]
v  ~StubRoutines::call_stub

---------------  P R O C E S S  ---------------

Java Threads: ( => current thread )
  0x29ba5000 JavaThread "Swing-Shell" daemon [_thread_blocked, id=5588, stack(0x277e0000,0x27830000)]
=>0x29ba7c00 JavaThread "EventThread COM3" [_thread_in_vm, id=7284, stack(0x00b00000,0x00b50000)]
  0x29ba3400 JavaThread "DestroyJavaVM" [_thread_blocked, id=28704, stack(0x02560000,0x025b0000)]
  0x285d8400 JavaThread "TimerQueue" daemon [_thread_blocked, id=28656, stack(0x2b0f0000,0x2b140000)]
  0x285db800 JavaThread "AWT-EventQueue-0" [_thread_blocked, id=1848, stack(0x2aaa0000,0x2aaf0000)]
  0x285db000 JavaThread "AWT-Shutdown" [_thread_blocked, id=22344, stack(0x2aa10000,0x2aa60000)]
  0x285d8c00 JavaThread "Batik CleanerThread" daemon [_thread_blocked, id=28800, stack(0x294b0000,0x29500000)]
  0x284ea000 JavaThread "JmDNS(172-20-16-132.local.).State.Timer" [_thread_blocked, id=17356, stack(0x290e0000,0x29130000)]
  0x284f8000 JavaThread "JmDNS(172-20-16-132.local.).Timer" daemon [_thread_blocked, id=2492, stack(0x29050000,0x290a0000)]
  0x26749000 JavaThread "SocketListener(172-20-16-132.local.)" daemon [_thread_blocked, id=3104, stack(0x26bd0000,0x26c20000)]
  0x283b9c00 JavaThread "Multihomed mDNS.Timer" daemon [_thread_blocked, id=23496, stack(0x28080000,0x280d0000)]
  0x283ba800 JavaThread "cc.arduino.packages.discoverers.serial.SerialDiscovery" [_thread_blocked, id=26588, stack(0x28dc0000,0x28e10000)]
  0x26749c00 JavaThread "AWT-Windows" daemon [_thread_blocked, id=27992, stack(0x26c60000,0x26cb0000)]
  0x26748400 JavaThread "Java2D Disposer" daemon [_thread_blocked, id=19908, stack(0x26b40000,0x26b90000)]
  0x25452800 JavaThread "Service Thread" daemon [_thread_blocked, id=23916, stack(0x263d0000,0x26420000)]
  0x2545e000 JavaThread "C1 CompilerThread0" daemon [_thread_blocked, id=3396, stack(0x26340000,0x26390000)]
  0x2545c400 JavaThread "Attach Listener" daemon [_thread_blocked, id=14744, stack(0x262b0000,0x26300000)]
  0x2545a400 JavaThread "Signal Dispatcher" daemon [_thread_blocked, id=32184, stack(0x26220000,0x26270000)]
  0x2543c000 JavaThread "Finalizer" daemon [_thread_blocked, id=19056, stack(0x25710000,0x25760000)]
  0x25436000 JavaThread "Reference Handler" daemon [_thread_blocked, id=22740, stack(0x256c0000,0x25710000)]

Other Threads:
  0x027bec00 VMThread [stack: 0x04d30000,0x04d80000] [id=31856]
  0x25456800 WatcherThread [stack: 0x26460000,0x264b0000] [id=29856]

VM state:synchronizing (normal execution)

VM Mutex/Monitor currently owned by a thread:  ([mutex/lock_event])
[0x026be4f8] Threads_lock - owner thread: 0x027bec00
[0x026be288] Heap_lock - owner thread: 0x26749000

Heap:
 def new generation   total 157248K, used 157247K [0x04e00000, 0x0f8a0000, 0x0f8a0000)
  eden space 139776K, 100% used [0x04e00000, 0x0d680000, 0x0d680000)
  from space 17472K,  99% used [0x0d680000, 0x0e78fff8, 0x0e790000)
  to   space 17472K,   0% used [0x0e790000, 0x0e790000, 0x0f8a0000)
 tenured generation   total 349568K, used 349567K [0x0f8a0000, 0x24e00000, 0x24e00000)
   the space 349568K,  99% used [0x0f8a0000, 0x24dfffd8, 0x24e00000, 0x24e00000)
 Metaspace       used 23853K, capacity 24486K, committed 24576K, reserved 24960K

Card table byte_map: [0x24e00000,0x24f10000] byte_map_base: 0x24dd9000

Polling page: 0x00f40000

CodeCache: size=32768Kb used=3245Kb max_used=6401Kb free=29522Kb
 bounds [0x02cb0000, 0x03308000, 0x04cb0000]
 total_blobs=2009 nmethods=1710 adapters=225
 compilation: enabled

Compilation events (10 events):
Event: 3797.167 Thread 0x2545e000 33143             java.util.HashMap$KeyIterator::next (8 bytes)
Event: 3797.167 Thread 0x2545e000 nmethod 33143 0x02f98b08 code [0x02f98c10, 0x02f98cac]
Event: 3797.531 Thread 0x2545e000 33144             javax.swing.text.Segment::first (28 bytes)
Event: 3797.531 Thread 0x2545e000 nmethod 33144 0x02f98888 code [0x02f98980, 0x02f98a50]
Event: 3797.640 Thread 0x2545e000 33145   !         java.awt.font.TextMeasurer::generateComponents (210 bytes)
Event: 3797.640 Thread 0x2545e000 nmethod 33145 0x02f63ec8 code [0x02f640e0, 0x02f64bf8]
Event: 3797.669 Thread 0x2545e000 33146             java.awt.font.TextMeasurer::makeLayoutWindow (195 bytes)
Event: 3797.669 Thread 0x2545e000 nmethod 33146 0x03139948 code [0x03139ab0, 0x03139e24]
Event: 3804.475 Thread 0x2545e000 33147             java.util.concurrent.locks.ReentrantLock$Sync::nonfairTryAcquire (67 bytes)
Event: 3804.475 Thread 0x2545e000 nmethod 33147 0x02d53248 code [0x02d53350, 0x02d534cc]

GC Heap History (10 events):
Event: 3809.917 GC heap before
{Heap before GC invocations=2065 (full 1682):
 def new generation   total 157248K, used 157247K [0x04e00000, 0x0f8a0000, 0x0f8a0000)
  eden space 139776K,  99% used [0x04e00000, 0x0d67fff8, 0x0d680000)
  from space 17472K, 100% used [0x0d680000, 0x0e790000, 0x0e790000)
  to   space 17472K,   0% used [0x0e790000, 0x0e790000, 0x0f8a0000)
 tenured generation   total 349568K, used 349567K [0x0f8a0000, 0x24e00000, 0x24e00000)
   the space 349568K,  99% used [0x0f8a0000, 0x24dfffe0, 0x24e00000, 0x24e00000)
 Metaspace       used 23853K, capacity 24486K, committed 24576K, reserved 24960K
Event: 3810.213 GC heap after
Heap after GC invocations=2066 (full 1683):
 def new generation   total 157248K, used 157243K [0x04e00000, 0x0f8a0000, 0x0f8a0000)
  eden space 139776K,  99% used [0x04e00000, 0x0d67ffe8, 0x0d680000)
  from space 17472K,  99% used [0x0d680000, 0x0e78ef40, 0x0e790000)
  to   space 17472K,   0% used [0x0e790000, 0x0e790000, 0x0f8a0000)
 tenured generation   total 349568K, used 349567K [0x0f8a0000, 0x24e00000, 0x24e00000)
   the space 349568K,  99% used [0x0f8a0000, 0x24dfffe0, 0x24e00000, 0x24e00000)
 Metaspace       used 23853K, capacity 24486K, committed 24576K, reserved 24960K
}
Event: 3810.213 GC heap before
{Heap before GC invocations=2066 (full 1683):
 def new generation   total 157248K, used 157247K [0x04e00000, 0x0f8a0000, 0x0f8a0000)
  eden space 139776K,  99% used [0x04e00000, 0x0d67fff8, 0x0d680000)
  from space 17472K,  99% used [0x0d680000, 0x0e78fd70, 0x0e790000)
  to   space 17472K,   0% used [0x0e790000, 0x0e790000, 0x0f8a0000)
 tenured generation   total 349568K, used 349567K [0x0f8a0000, 0x24e00000, 0x24e00000)
   the space 349568K,  99% used [0x0f8a0000, 0x24dfffe0, 0x24e00000, 0x24e00000)
 Metaspace       used 23853K, capacity 24486K, committed 24576K, reserved 24960K
Event: 3810.508 GC heap after
Heap after GC invocations=2067 (full 1684):
 def new generation   total 157248K, used 157244K [0x04e00000, 0x0f8a0000, 0x0f8a0000)
  eden space 139776K,  99% used [0x04e00000, 0x0d67fff8, 0x0d680000)
  from space 17472K,  99% used [0x0d680000, 0x0e78f0f0, 0x0e790000)
  to   space 17472K,   0% used [0x0e790000, 0x0e790000, 0x0f8a0000)
 tenured generation   total 349568K, used 349567K [0x0f8a0000, 0x24e00000, 0x24e00000)
   the space 349568K,  99% used [0x0f8a0000, 0x24dfffa0, 0x24e00000, 0x24e00000)
 Metaspace       used 23853K, capacity 24486K, committed 24576K, reserved 24960K
}
Event: 3810.508 GC heap before
{Heap before GC invocations=2067 (full 1684):
 def new generation   total 157248K, used 157247K [0x04e00000, 0x0f8a0000, 0x0f8a0000)
  eden space 139776K,  99% used [0x04e00000, 0x0d67fff8, 0x0d680000)
  from space 17472K,  99% used [0x0d680000, 0x0e78ff40, 0x0e790000)
  to   space 17472K,   0% used [0x0e790000, 0x0e790000, 0x0f8a0000)
 tenured generation   total 349568K, used 349567K [0x0f8a0000, 0x24e00000, 0x24e00000)
   the space 349568K,  99% used [0x0f8a0000, 0x24dfffa0, 0x24e00000, 0x24e00000)
 Metaspace       used 23853K, capacity 24486K, committed 24576K, reserved 24960K
Event: 3810.823 GC heap after
Heap after GC invocations=2068 (full 1685):
 def new generation   total 157248K, used 157246K [0x04e00000, 0x0f8a0000, 0x0f8a0000)
  eden space 139776K,  99% used [0x04e00000, 0x0d67ffd8, 0x0d680000)
  from space 17472K,  99% used [0x0d680000, 0x0e78fa88, 0x0e790000)
  to   space 17472K,   0% used [0x0e790000, 0x0e790000, 0x0f8a0000)
 tenured generation   total 349568K, used 349567K [0x0f8a0000, 0x24e00000, 0x24e00000)
   the space 349568K,  99% used [0x0f8a0000, 0x24dfffa0, 0x24e00000, 0x24e00000)
 Metaspace       used 23853K, capacity 24486K, committed 24576K, reserved 24960K
}
Event: 3810.823 GC heap before
{Heap before GC invocations=2068 (full 1685):
 def new generation   total 157248K, used 157247K [0x04e00000, 0x0f8a0000, 0x0f8a0000)
  eden space 139776K, 100% used [0x04e00000, 0x0d680000, 0x0d680000)
  from space 17472K,  99% used [0x0d680000, 0x0e78fcc0, 0x0e790000)
  to   space 17472K,   0% used [0x0e790000, 0x0e790000, 0x0f8a0000)
 tenured generation   total 349568K, used 349567K [0x0f8a0000, 0x24e00000, 0x24e00000)
   the space 349568K,  99% used [0x0f8a0000, 0x24dfffa0, 0x24e00000, 0x24e00000)
 Metaspace       used 23853K, capacity 24486K, committed 24576K, reserved 24960K
Event: 3811.122 GC heap after
Heap after GC invocations=2069 (full 1686):
 def new generation   total 157248K, used 157246K [0x04e00000, 0x0f8a0000, 0x0f8a0000)
  eden space 139776K,  99% used [0x04e00000, 0x0d67fff0, 0x0d680000)
  from space 17472K,  99% used [0x0d680000, 0x0e78fa08, 0x0e790000)
  to   space 17472K,   0% used [0x0e790000, 0x0e790000, 0x0f8a0000)
 tenured generation   total 349568K, used 349567K [0x0f8a0000, 0x24e00000, 0x24e00000)
   the space 349568K,  99% used [0x0f8a0000, 0x24dfffa0, 0x24e00000, 0x24e00000)
 Metaspace       used 23853K, capacity 24486K, committed 24576K, reserved 24960K
}
Event: 3811.122 GC heap before
{Heap before GC invocations=2069 (full 1686):
 def new generation   total 157248K, used 157246K [0x04e00000, 0x0f8a0000, 0x0f8a0000)
  eden space 139776K,  99% used [0x04e00000, 0x0d67fff0, 0x0d680000)
  from space 17472K,  99% used [0x0d680000, 0x0e78fa08, 0x0e790000)
  to   space 17472K,   0% used [0x0e790000, 0x0e790000, 0x0f8a0000)
 tenured generation   total 349568K, used 349567K [0x0f8a0000, 0x24e00000, 0x24e00000)
   the space 349568K,  99% used [0x0f8a0000, 0x24dfffa0, 0x24e00000, 0x24e00000)
 Metaspace       used 23853K, capacity 24486K, committed 24576K, reserved 24960K
Event: 3811.418 GC heap after
Heap after GC invocations=2070 (full 1687):
 def new generation   total 157248K, used 157246K [0x04e00000, 0x0f8a0000, 0x0f8a0000)
  eden space 139776K,  99% used [0x04e00000, 0x0d67fff0, 0x0d680000)
  from space 17472K,  99% used [0x0d680000, 0x0e78fa08, 0x0e790000)
  to   space 17472K,   0% used [0x0e790000, 0x0e790000, 0x0f8a0000)
 tenured generation   total 349568K, used 349567K [0x0f8a0000, 0x24e00000, 0x24e00000)
   the space 349568K,  99% used [0x0f8a0000, 0x24dfffa0, 0x24e00000, 0x24e00000)
 Metaspace       used 23853K, capacity 24486K, committed 24576K, reserved 24960K
}

Deoptimization events (0 events):
No events

Classes redefined (0 events):
No events

Internal exceptions (10 events):
Event: 3553.279 Thread 0x285db800 Exception <a 'sun/nio/fs/WindowsException'> (0x0d262760) thrown at [C:\workspace\8-2-build-windows-i586-cygwin\jdk8u191\11896\hotspot\src\share\vm\prims\jni.cpp, line 709]
Event: 3553.281 Thread 0x285db800 Exception <a 'sun/nio/fs/WindowsException'> (0x0d27bb80) thrown at [C:\workspace\8-2-build-windows-i586-cygwin\jdk8u191\11896\hotspot\src\share\vm\prims\jni.cpp, line 709]
Event: 3553.281 Thread 0x285db800 Exception <a 'sun/nio/fs/WindowsException'> (0x0d27c358) thrown at [C:\workspace\8-2-build-windows-i586-cygwin\jdk8u191\11896\hotspot\src\share\vm\prims\jni.cpp, line 709]
Event: 3553.283 Thread 0x285db800 Exception <a 'sun/nio/fs/WindowsException'> (0x0d28c940) thrown at [C:\workspace\8-2-build-windows-i586-cygwin\jdk8u191\11896\hotspot\src\share\vm\prims\jni.cpp, line 709]
Event: 3553.283 Thread 0x285db800 Exception <a 'sun/nio/fs/WindowsException'> (0x0d28d100) thrown at [C:\workspace\8-2-build-windows-i586-cygwin\jdk8u191\11896\hotspot\src\share\vm\prims\jni.cpp, line 709]
Event: 3553.285 Thread 0x285db800 Exception <a 'sun/nio/fs/WindowsException'> (0x0d298f90) thrown at [C:\workspace\8-2-build-windows-i586-cygwin\jdk8u191\11896\hotspot\src\share\vm\prims\jni.cpp, line 709]
Event: 3553.285 Thread 0x285db800 Exception <a 'sun/nio/fs/WindowsException'> (0x0d299728) thrown at [C:\workspace\8-2-build-windows-i586-cygwin\jdk8u191\11896\hotspot\src\share\vm\prims\jni.cpp, line 709]
Event: 3553.286 Thread 0x285db800 Exception <a 'sun/nio/fs/WindowsException'> (0x0d2ad688) thrown at [C:\workspace\8-2-build-windows-i586-cygwin\jdk8u191\11896\hotspot\src\share\vm\prims\jni.cpp, line 709]
Event: 3553.286 Thread 0x285db800 Exception <a 'sun/nio/fs/WindowsException'> (0x0d2ade10) thrown at [C:\workspace\8-2-build-windows-i586-cygwin\jdk8u191\11896\hotspot\src\share\vm\prims\jni.cpp, line 709]
Event: 3811.418 Thread 0x29ba7c00 Exception <a 'java/lang/OutOfMemoryError'> (0x0f930c00) thrown at [C:\workspace\8-2-build-windows-i586-cygwin\jdk8u191\11896\hotspot\src\share\vm\gc_interface/collectedHeap.inline.hpp, line 159]

Events (10 events):
Event: 3809.917 Executing VM operation: GenCollectForAllocation done
Event: 3809.917 Executing VM operation: GenCollectForAllocation
Event: 3810.213 Executing VM operation: GenCollectForAllocation done
Event: 3810.213 Executing VM operation: GenCollectForAllocation
Event: 3810.508 Executing VM operation: GenCollectForAllocation done
Event: 3810.508 Executing VM operation: GenCollectForAllocation
Event: 3810.823 Executing VM operation: GenCollectForAllocation done
Event: 3810.823 Executing VM operation: GenCollectForAllocation
Event: 3811.418 Executing VM operation: GenCollectForAllocation done
Event: 3811.418 Executing VM operation: GenCollectForAllocation


Dynamic libraries:
0x00f80000 - 0x00fb3000 	C:\Program Files (x86)\Arduino\java\bin\javaw.exe
0x776b0000 - 0x77861000 	C:\WINDOWS\SYSTEM32\ntdll.dll
0x75b90000 - 0x75c80000 	C:\WINDOWS\System32\KERNEL32.DLL
0x768a0000 - 0x76b14000 	C:\WINDOWS\System32\KERNELBASE.dll
0x75350000 - 0x753cd000 	C:\WINDOWS\System32\ADVAPI32.dll
0x76440000 - 0x76504000 	C:\WINDOWS\System32\msvcrt.dll
0x76340000 - 0x763c4000 	C:\WINDOWS\System32\sechost.dll
0x75e50000 - 0x75f0a000 	C:\WINDOWS\System32\RPCRT4.dll
0x75c80000 - 0x75e28000 	C:\WINDOWS\System32\USER32.dll
0x76260000 - 0x7627a000 	C:\WINDOWS\System32\win32u.dll
0x76510000 - 0x76533000 	C:\WINDOWS\System32\GDI32.dll
0x76540000 - 0x76621000 	C:\WINDOWS\System32\gdi32full.dll
0x77510000 - 0x77589000 	C:\WINDOWS\System32\msvcp_win.dll
0x76c30000 - 0x76d42000 	C:\WINDOWS\System32\ucrtbase.dll
0x71db0000 - 0x71fd8000 	C:\WINDOWS\WinSxS\x86_microsoft.windows.common-controls_6595b64144ccf1df_6.0.22621.2191_none_6ec306d287fc6cac\COMCTL32.dll
0x76870000 - 0x76895000 	C:\WINDOWS\System32\IMM32.DLL
0x5e6d0000 - 0x5e78f000 	C:\Program Files (x86)\Arduino\java\bin\msvcr100.dll
0x5e160000 - 0x5e533000 	C:\Program Files (x86)\Arduino\java\bin\client\jvm.dll
0x76280000 - 0x76286000 	C:\WINDOWS\System32\PSAPI.DLL
0x6f970000 - 0x6f978000 	C:\WINDOWS\SYSTEM32\WSOCK32.dll
0x72f00000 - 0x72f31000 	C:\WINDOWS\SYSTEM32\WINMM.dll
0x72ed0000 - 0x72ed8000 	C:\WINDOWS\SYSTEM32\VERSION.dll
0x76630000 - 0x7668f000 	C:\WINDOWS\System32\WS2_32.dll
0x5ea40000 - 0x5ea70000 	C:\Program Files (x86)\Arduino\java\bin\splashscreen.dll
0x71650000 - 0x716cf000 	C:\WINDOWS\system32\uxtheme.dll
0x77190000 - 0x7740c000 	C:\WINDOWS\System32\combase.dll
0x5fdc0000 - 0x5fdcc000 	C:\Program Files (x86)\Arduino\java\bin\verify.dll
0x5e810000 - 0x5e832000 	C:\Program Files (x86)\Arduino\java\bin\java.dll
0x6a760000 - 0x6a85f000 	C:\ProgramData\A-Volute\A-Volute.Nahimic\Modules\Scheduled\AudioDevProps2.dll
0x76690000 - 0x767df000 	C:\WINDOWS\System32\ole32.dll
0x762f0000 - 0x7633b000 	C:\WINDOWS\System32\SHLWAPI.dll
0x75440000 - 0x75ace000 	C:\WINDOWS\System32\SHELL32.dll
0x5f4f0000 - 0x5f504000 	C:\Program Files (x86)\Arduino\java\bin\zip.dll
0x6a860000 - 0x6a8f2000 	C:\ProgramData\A-Volute\A-Volute.Nahimic\Modules\Scheduled\NahimicOSD.dll
0x6ab20000 - 0x6ab75000 	C:\ProgramData\A-Volute\A-Volute.Nahimic\Modules\Scheduled\ProductInfo.dll
0x77410000 - 0x77509000 	C:\WINDOWS\System32\MSCTF.dll
0x72010000 - 0x726f5000 	C:\WINDOWS\SYSTEM32\windows.storage.dll
0x71280000 - 0x71347000 	C:\WINDOWS\SYSTEM32\wintypes.dll
0x76190000 - 0x76251000 	C:\WINDOWS\System32\SHCORE.dll
0x71230000 - 0x7124d000 	C:\WINDOWS\SYSTEM32\profapi.dll
0x72ee0000 - 0x72ef3000 	C:\WINDOWS\SYSTEM32\kernel.appcore.dll
0x76bc0000 - 0x76c22000 	C:\WINDOWS\System32\bcryptPrimitives.dll
0x661f0000 - 0x662e9000 	C:\WINDOWS\SYSTEM32\textinputframework.dll
0x75f20000 - 0x75fbc000 	C:\WINDOWS\System32\OLEAUT32.dll
0x6a250000 - 0x6a31d000 	C:\WINDOWS\SYSTEM32\CoreMessaging.dll
0x5dde0000 - 0x5e071000 	C:\WINDOWS\SYSTEM32\CoreUIComponents.dll
0x71640000 - 0x7164b000 	C:\WINDOWS\SYSTEM32\CRYPTBASE.DLL
0x61940000 - 0x619b3000 	C:\Program Files (x86)\Arduino\lib\listSerialsj.dll
0x76d50000 - 0x7718d000 	C:\WINDOWS\System32\SETUPAPI.dll
0x73240000 - 0x7327d000 	C:\WINDOWS\SYSTEM32\cfgmgr32.DLL
0x5ea20000 - 0x5ea3d000 	C:\Program Files (x86)\Arduino\lib\jnidispatch-4.2.2-win32-x86.dll
0x5e7f0000 - 0x5e805000 	C:\Program Files (x86)\Arduino\java\bin\net.dll
0x751b0000 - 0x75201000 	C:\WINDOWS\system32\mswsock.dll
0x5e7e0000 - 0x5e7ef000 	C:\Program Files (x86)\Arduino\java\bin\nio.dll
0x5dc90000 - 0x5ddd7000 	C:\Program Files (x86)\Arduino\java\bin\awt.dll
0x6c030000 - 0x6c0d6000 	C:\WINDOWS\SYSTEM32\apphelp.dll
0x71350000 - 0x71374000 	C:\WINDOWS\system32\DWMAPI.DLL
0x5e690000 - 0x5e6c9000 	C:\Program Files (x86)\Arduino\java\bin\fontmanager.dll
0x5dbb0000 - 0x5dc90000 	C:\WINDOWS\system32\opengl32.dll
0x5e110000 - 0x5e152000 	C:\WINDOWS\SYSTEM32\GLU32.dll
0x6c100000 - 0x6c12e000 	C:\WINDOWS\SYSTEM32\dxcore.dll
0x5e0d0000 - 0x5e102000 	C:\Program Files (x86)\Arduino\java\bin\t2k.dll
0x71250000 - 0x71274000 	C:\WINDOWS\SYSTEM32\DEVOBJ.dll
0x76290000 - 0x762e9000 	C:\WINDOWS\System32\WINTRUST.dll
0x77590000 - 0x77693000 	C:\WINDOWS\System32\CRYPT32.dll
0x711a0000 - 0x711ae000 	C:\WINDOWS\SYSTEM32\MSASN1.dll
0x71fe0000 - 0x72004000 	C:\WINDOWS\SYSTEM32\IPHLPAPI.DLL
0x75f10000 - 0x75f17000 	C:\WINDOWS\System32\NSI.dll
0x70fc0000 - 0x70fd6000 	C:\WINDOWS\SYSTEM32\dhcpcsvc6.DLL
0x72f40000 - 0x72f57000 	C:\WINDOWS\SYSTEM32\dhcpcsvc.DLL
0x6f8b0000 - 0x6f969000 	C:\WINDOWS\SYSTEM32\DNSAPI.dll
0x716d0000 - 0x716e5000 	C:\WINDOWS\SYSTEM32\CRYPTSP.dll
0x715f0000 - 0x71620000 	C:\WINDOWS\system32\rsaenh.dll
0x71b80000 - 0x71ba4000 	C:\WINDOWS\SYSTEM32\USERENV.dll
0x71150000 - 0x7116a000 	C:\WINDOWS\SYSTEM32\bcrypt.dll
0x6f9a0000 - 0x6f9b2000 	C:\WINDOWS\system32\napinsp.dll
0x6f980000 - 0x6f996000 	C:\WINDOWS\system32\pnrpnsp.dll
0x6f880000 - 0x6f88e000 	C:\WINDOWS\System32\winrnr.dll
0x6f860000 - 0x6f871000 	C:\WINDOWS\system32\wshbth.dll
0x6f840000 - 0x6f858000 	C:\WINDOWS\system32\nlansp_c.dll
0x6f6a0000 - 0x6f6a8000 	C:\Windows\System32\rasadhlp.dll
0x5da60000 - 0x5da80000 	C:\Program Files (x86)\Arduino\java\bin\sunec.dll
0x5da50000 - 0x5da59000 	C:\Program Files (x86)\Arduino\java\bin\sunmscapi.dll
0x70f60000 - 0x70fbe000 	C:\WINDOWS\System32\fwpuclnt.dll
0x5db40000 - 0x5dba9000 	C:\Program Files (x86)\Arduino\msvcp100.dll
0x5da80000 - 0x5db3e000 	C:\Program Files (x86)\Arduino\msvcr100.dll
0x29530000 - 0x29562000 	C:\Program Files (x86)\Arduino\lib\AStylej.dll
0x5e0a0000 - 0x5e0c4000 	C:\Program Files (x86)\Arduino\java\bin\dcpr.dll
0x767e0000 - 0x76862000 	C:\WINDOWS\System32\clbcatq.dll
0x666b0000 - 0x66810000 	C:\WINDOWS\SYSTEM32\WindowsCodecs.dll
0x664e0000 - 0x6652c000 	C:\WINDOWS\system32\dataexchange.dll
0x662f0000 - 0x664d8000 	C:\WINDOWS\system32\twinapi.appcore.dll
0x6c6b0000 - 0x6c708000 	C:\WINDOWS\system32\Ninput.dll
0x64000000 - 0x6401b000 	C:\Program Files (x86)\Arduino\lib\jSSC-2.8_x86.dll
0x75210000 - 0x752a1000 	C:\WINDOWS\WinSxS\x86_microsoft.windows.common-controls_6595b64144ccf1df_5.82.22621.436_none_42d86fc98da003f3\comctl32.dll
0x75ad0000 - 0x75b82000 	C:\WINDOWS\System32\COMDLG32.dll
0x6bd50000 - 0x6be17000 	C:\WINDOWS\system32\propsys.dll
0x6c790000 - 0x6c80b000 	C:\Program Files (x86)\Common Files\microsoft shared\ink\tiptsf.dll
0x6c610000 - 0x6c6a5000 	C:\WINDOWS\SYSTEM32\TextShaping.dll
0x51650000 - 0x5166f000 	C:\WINDOWS\SYSTEM32\edputil.dll
0x6c730000 - 0x6c776000 	C:\Windows\System32\OneCoreCommonProxyStub.dll
0x6c710000 - 0x6c725000 	C:\WINDOWS\system32\NetworkExplorer.dll
0x6c5b0000 - 0x6c603000 	C:\Windows\System32\thumbcache.dll
0x6c560000 - 0x6c59e000 	C:\Windows\System32\vaultcli.dll
0x582c0000 - 0x58338000 	C:\WINDOWS\SYSTEM32\ntshrui.dll
0x71380000 - 0x713a6000 	C:\WINDOWS\SYSTEM32\SspiCli.dll
0x71620000 - 0x7163e000 	C:\WINDOWS\SYSTEM32\srvcli.dll
0x711b0000 - 0x711be000 	C:\WINDOWS\SYSTEM32\cscapi.dll
0x58230000 - 0x582bc000 	C:\WINDOWS\System32\StructuredQuery.dll
0x77b80000 - 0x77c10000 	C:\WINDOWS\SYSTEM32\policymanager.dll
0x77b10000 - 0x77b77000 	C:\WINDOWS\System32\msvcp110_win.dll
0x5f270000 - 0x5f4ed000 	C:\Windows\System32\OneCoreUAPCommonProxyStub.dll
0x77a50000 - 0x77b05000 	C:\WINDOWS\system32\Windows.Storage.Search.dll
0x7a7c0000 - 0x7a94a000 	C:\Program Files\Microsoft OneDrive\23.176.0822.0002\i386\FileSyncShell.dll
0x71b60000 - 0x71b6a000 	C:\WINDOWS\SYSTEM32\Secur32.dll
0x67cd0000 - 0x68158000 	C:\WINDOWS\SYSTEM32\WININET.dll
0x72700000 - 0x7270f000 	C:\WINDOWS\SYSTEM32\WTSAPI32.dll
0x71720000 - 0x718c2000 	C:\Windows\System32\urlmon.dll
0x71b70000 - 0x71b7b000 	C:\Windows\System32\netutils.dll
0x713b0000 - 0x715e8000 	C:\Windows\System32\iertutil.dll
0x7a950000 - 0x7aa33000 	C:\Windows\System32\Windows.System.Launcher.dll
0x6c540000 - 0x6c553000 	C:\WINDOWS\SYSTEM32\windows.staterepositorycore.dll
0x75320000 - 0x75339000 	C:\WINDOWS\SYSTEM32\MPR.dll
0x6c520000 - 0x6c540000 	C:\WINDOWS\System32\p9np.dll
0x70fe0000 - 0x70fea000 	C:\WINDOWS\System32\drprov.dll
0x5e080000 - 0x5e095000 	C:\WINDOWS\System32\ntlanman.dll
0x51220000 - 0x51239000 	C:\WINDOWS\System32\davclnt.dll
0x711e0000 - 0x7122f000 	C:\WINDOWS\System32\WINSTA.dll

VM Arguments:
jvm_args: -Dsun.java2d.d3d=false -Djna.nosys=true -Djna.nounpack=true -Djna.boot.library.name=jnidispatch-4.2.2-win32-x86 -Djna.boot.library.path=C:\Program Files (x86)\Arduino/lib -Djssc.library.path=C:\Program Files (x86)\Arduino/lib -DAPP_DIR=C:\Program Files (x86)\Arduino -Xms128M -Xmx512M -Dfile.encoding=UTF8 -Djava.net.preferIPv4Stack=true 
java_command: processing.app.Base C:\Users\LEGION5P\Documents\Arduino\Nano_Robot_Balance\Nano_Robot_Balance.ino
java_class_path (initial): C:\Program Files (x86)\Arduino\lib\apple.jar;C:\Program Files (x86)\Arduino\lib\arduino-core.jar;C:\Program Files (x86)\Arduino\lib\batik-1.8.jar;C:\Program Files (x86)\Arduino\lib\batik-anim-1.8.jar;C:\Program Files (x86)\Arduino\lib\batik-awt-util-1.8.jar;C:\Program Files (x86)\Arduino\lib\batik-bridge-1.8.jar;C:\Program Files (x86)\Arduino\lib\batik-codec-1.8.jar;C:\Program Files (x86)\Arduino\lib\batik-css-1.8.jar;C:\Program Files (x86)\Arduino\lib\batik-dom-1.8.jar;C:\Program Files (x86)\Arduino\lib\batik-ext-1.8.jar;C:\Program Files (x86)\Arduino\lib\batik-gvt-1.8.jar;C:\Program Files (x86)\Arduino\lib\batik-parser-1.8.jar;C:\Program Files (x86)\Arduino\lib\batik-rasterizer-1.8.jar;C:\Program Files (x86)\Arduino\lib\batik-script-1.8.jar;C:\Program Files (x86)\Arduino\lib\batik-squiggle-1.8.jar;C:\Program Files (x86)\Arduino\lib\batik-svg-dom-1.8.jar;C:\Program Files (x86)\Arduino\lib\batik-svgpp-1.8.jar;C:\Program Files (x86)\Arduino\lib\batik-transcoder-1.8.jar;C:\Program Files (x86)\Arduino\lib\batik-util-1.8.jar;C:\Program Files (x86)\Arduino\lib\batik-xml-1.8.jar;C:\Program Files (x86)\Arduino\lib\bcpg-jdk15on-152.jar;C:\Program Files (x86)\Arduino\lib\bcprov-jdk15on-152.jar;C:\Program Files (x86)\Arduino\lib\commons-codec-1.7.jar;C:\Program Files (x86)\Arduino\lib\commons-compress-1.8.jar;C:\Program Files (x86)\Arduino\lib\commons-exec-1.1.jar;C:\Program Files (x86)\Arduino\lib\commons-httpclient-3.1.jar;C:\Program Files (x86)\Arduino\lib\commons-lang3-3.8.1.jar;C:\Program Files (x86)\Arduino\lib\commons-logging-1.0.4.jar;C:\Program Files (x86)\Arduino\lib\commons-net-3.3.jar;C:\Program Files (x86)\Arduino\lib\commons-io-2.6.jar;C:\Program Files (x86)\Arduino\lib\jackson-annotations-2.9.5.jar;C:\Program Files (x86)\Arduino\lib\jackson-core-2.9.5.jar;C:\Program Files (x86)\Arduino\lib\jackson-databind-2.9.5.jar;C:\Program Files (x86)\Arduino\lib\java-semver-0.8.0.jar;C:\Program Files (x86)\Arduino\lib\jmdns-3.5.5.jar;C:\Program
Launcher Type: SUN_STANDARD

Environment Variables:
PATH=C:\Program Files (x86)\Common Files\Oracle\Java\javapath;C:\Windows\system32;C:\Windows;C:\Windows\System32\Wbem;C:\Windows\System32\WindowsPowerShell\v1.0\;C:\Windows\System32\OpenSSH\;C:\Program Files\NVIDIA Corporation\NVIDIA NvDLISR;C:\Program Files\Microsoft SQL Server\Client SDK\ODBC\110\Tools\Binn\;C:\Program Files (x86)\Microsoft SQL Server\120\Tools\Binn\;C:\Program Files\Microsoft SQL Server\120\Tools\Binn\;C:\Program Files\Microsoft SQL Server\120\DTS\Binn\;C:\Program Files (x86)\Windows Kits\8.1\Windows Performance Toolkit\;C:\WINDOWS\system32;C:\WINDOWS;C:\WINDOWS\System32\Wbem;C:\WINDOWS\System32\WindowsPowerShell\v1.0\;C:\WINDOWS\System32\OpenSSH\;C:\Program Files (x86)\NVIDIA Corporation\PhysX\Common;C:\Program Files\dotnet\;C:\Program Files\Git\cmd;C:\Users\LEGION5P\AppData\Local\Microsoft\WindowsApps;;C:\Users\LEGION5P\AppData\Local\Programs\Microsoft VS Code\bin;C:\AppServ\Apache24\bin;C:\AppServ\php7;C:\AppServ\MySQL\bin;C:\Program Files (x86)\Arduino\java\bin
USERNAME=LEGION5P
OS=Windows_NT
PROCESSOR_IDENTIFIER=AMD64 Family 25 Model 80 Stepping 0, AuthenticAMD



---------------  S Y S T E M  ---------------

OS: Windows 10.0 , 64 bit Build 22621 (10.0.22621.2265)

CPU:total 16 (initial active 16) (16 cores per cpu, 1 threads per core) family 25 model 80 stepping 0, cmov, cx8, fxsr, mmx, sse, sse2, sse3, ssse3, sse4.1, sse4.2, popcnt, avx, avx2, aes, clmul, erms, mmxext, 3dnowpref, lzcnt, sse4a, tsc, tscinvbit, tscinv, bmi1

Memory: 4k page, physical 33402940k(21897068k free), swap 38383676k(23314804k free)

vm_info: Java HotSpot(TM) Client VM (25.191-b12) for windows-x86 JRE (1.8.0_191-b12), built on Oct  6 2018 08:34:23 by "java_re" with MS VC++ 10.0 (VS2010)

time: Tue Sep 05 14:32:51 2023
elapsed time: 3811 seconds (0d 1h 3m 31s)

